[2025-08-03T13:32:30.074142+02:00] auth.WARNING: Session check failed: No user_id in session [] []
[2025-08-03T13:32:33.542664+02:00] auth.WARNING: Invalid CSRF token for IP: ::1 [] []
[2025-08-03T13:32:45.508435+02:00] auth.WARNING: Invalid CSRF token for IP: ::1 [] []
[2025-08-03T13:33:12.732839+02:00] auth.WARNING: Invalid CSRF token for IP: ::1 [] []
[2025-08-03T13:35:09.933291+02:00] auth.WARNING: Session check failed: No user_id in session [] []
[2025-08-03T13:35:14.821924+02:00] auth.WARNING: Invalid CSRF token for IP: ::1 [] []
[2025-08-03T13:56:54.997093+02:00] auth.WARNING: Session check failed: No user_id in session [] []
[2025-08-03T13:56:59.684270+02:00] auth.WARNING: Invalid CSRF token for IP: ::1 [] []
[2025-08-03T14:22:39.453081+02:00] auth.INFO: Session check: No user_id in session for IP: ::1 [] []
[2025-08-03T14:25:11.460203+02:00] auth.WARNING: Invalid CSRF token for IP: ::1 [] []
[2025-08-03T14:30:18.675454+02:00] auth.WARNING: Invalid CSRF token for IP: ::1 [] []
[2025-08-03T14:30:21.920520+02:00] auth.WARNING: Invalid CSRF token for IP: ::1 [] []
[2025-08-03T14:31:55.431589+02:00] auth.INFO: Session check: No user_id in session for IP: ::1 [] []
[2025-08-03T14:32:09.208648+02:00] auth.WARNING: Invalid CSRF token for IP: ::1 [] []
[2025-08-03T14:32:19.328919+02:00] auth.WARNING: Invalid CSRF token for IP: ::1 [] []
[2025-08-03T14:32:24.535681+02:00] auth.WARNING: Invalid CSRF token for IP: ::1 [] []
[2025-08-03T15:04:50.429742+02:00] auth.INFO: CSRF token already exists for session: lk0on5dggovtf75km7ope9tiuo, token: dd832df571115d0da4b2d01609dc1d1dba54da3106f9b01808351271e79650e8, IP: ::1 [] []
[2025-08-03T15:04:55.415112+02:00] auth.INFO: Session ID: lk0on5dggovtf75km7ope9tiuo, IP: ::1 [] []
[2025-08-03T15:04:55.420965+02:00] auth.INFO: No active session for IP: ::1 [] []
[2025-08-03T15:05:09.529485+02:00] auth.INFO: Session ID: lk0on5dggovtf75km7ope9tiuo, IP: ::1 [] []
[2025-08-03T15:05:09.532959+02:00] auth.INFO: CSRF token validated for IP: ::1, token: dd832df571115d0da4b2d01609dc1d1dba54da3106f9b01808351271e79650e8 [] []
[2025-08-03T15:05:09.533078+02:00] auth.WARNING: Invalid action requested:  from IP: ::1 [] []
[2025-08-03T15:12:53.369667+02:00] auth.INFO: CSRF token already exists for session: lk0on5dggovtf75km7ope9tiuo, token: dd832df571115d0da4b2d01609dc1d1dba54da3106f9b01808351271e79650e8, IP: ::1 [] []
[2025-08-03T15:12:58.333020+02:00] auth.INFO: Session ID: lk0on5dggovtf75km7ope9tiuo, IP: ::1 [] []
[2025-08-03T15:12:58.337092+02:00] auth.ERROR: JSON parsing failed: Syntax error, Raw input:  [] []
[2025-08-03T15:13:04.980951+02:00] auth.INFO: Session ID: lk0on5dggovtf75km7ope9tiuo, IP: ::1 [] []
[2025-08-03T15:13:04.985498+02:00] auth.INFO: CSRF token validated for IP: ::1, token: dd832df571115d0da4b2d01609dc1d1dba54da3106f9b01808351271e79650e8 [] []
[2025-08-03T15:13:04.985624+02:00] auth.INFO: Action received: register, Method: POST, Content-Type: application/json [] []
[2025-08-03T15:13:05.125989+02:00] auth.INFO: User registered, ID: 1, email: dbsc2008@gmail.com [] []
[2025-08-03T15:13:08.968694+02:00] auth.INFO: Verification email sent to dbsc2008@gmail.com [] []
[2025-08-03T15:14:04.127639+02:00] auth.INFO: Session ID: lk0on5dggovtf75km7ope9tiuo, IP: ::1 [] []
[2025-08-03T15:14:04.133179+02:00] auth.INFO: CSRF token validated for IP: ::1, token: dd832df571115d0da4b2d01609dc1d1dba54da3106f9b01808351271e79650e8 [] []
[2025-08-03T15:14:04.133295+02:00] auth.INFO: Action received: register, Method: POST, Content-Type: application/json [] []
[2025-08-03T15:14:04.134250+02:00] auth.WARNING: Invalid registration input: email=dbsc2008@gmail.com, phone=09039549262 [] []
[2025-08-03T15:14:18.880871+02:00] auth.INFO: Session ID: lk0on5dggovtf75km7ope9tiuo, IP: ::1 [] []
[2025-08-03T15:14:18.884453+02:00] auth.INFO: CSRF token validated for IP: ::1, token: dd832df571115d0da4b2d01609dc1d1dba54da3106f9b01808351271e79650e8 [] []
[2025-08-03T15:14:18.884585+02:00] auth.INFO: Action received: register, Method: POST, Content-Type: application/json [] []
[2025-08-03T15:14:18.885983+02:00] auth.WARNING: Invalid registration input: email=dbsc2008@gmail.com, phone=09039549262 [] []
[2025-08-03T15:27:31.285153+02:00] auth.INFO: CSRF token already exists for session: lk0on5dggovtf75km7ope9tiuo, token: dd832df571115d0da4b2d01609dc1d1dba54da3106f9b01808351271e79650e8, IP: ::1 [] []
[2025-08-03T15:27:35.899812+02:00] auth.INFO: Session ID: lk0on5dggovtf75km7ope9tiuo, IP: ::1 [] []
[2025-08-03T15:27:35.904317+02:00] auth.ERROR: JSON parsing failed: Syntax error, Raw input:  [] []
[2025-08-03T15:27:48.335243+02:00] auth.INFO: Session ID: lk0on5dggovtf75km7ope9tiuo, IP: ::1 [] []
[2025-08-03T15:27:48.340677+02:00] auth.INFO: CSRF token validated for IP: ::1, token: dd832df571115d0da4b2d01609dc1d1dba54da3106f9b01808351271e79650e8 [] []
[2025-08-03T15:27:48.340799+02:00] auth.INFO: Action received: register, Method: POST, Content-Type: application/json [] []
[2025-08-03T15:27:48.360299+02:00] auth.WARNING: Registration attempt with existing email/phone: dbsc2008@gmail.com/09039549262 [] []
[2025-08-03T15:28:21.848149+02:00] auth.INFO: Session ID: lk0on5dggovtf75km7ope9tiuo, IP: ::1 [] []
[2025-08-03T15:28:21.851880+02:00] auth.INFO: CSRF token validated for IP: ::1, token: dd832df571115d0da4b2d01609dc1d1dba54da3106f9b01808351271e79650e8 [] []
[2025-08-03T15:28:21.852164+02:00] auth.INFO: Action received: login, Method: POST, Content-Type: application/json [] []
[2025-08-03T15:28:21.855491+02:00] auth.WARNING: Login attempt with unverified email: dbsc2008@gmail.com [] []
[2025-08-03T15:29:45.754568+02:00] auth.INFO: Session ID: lk0on5dggovtf75km7ope9tiuo, IP: ::1 [] []
[2025-08-03T15:29:45.760120+02:00] auth.INFO: CSRF token validated for IP: ::1, token: dd832df571115d0da4b2d01609dc1d1dba54da3106f9b01808351271e79650e8 [] []
[2025-08-03T15:29:45.760226+02:00] auth.INFO: Action received: login, Method: POST, Content-Type: application/json [] []
[2025-08-03T15:29:45.767745+02:00] auth.WARNING: Login attempt with unverified email: dbsc2008@gmail.com [] []
[2025-08-03T15:30:35.900766+02:00] auth.INFO: CSRF token already exists for session: lk0on5dggovtf75km7ope9tiuo, token: dd832df571115d0da4b2d01609dc1d1dba54da3106f9b01808351271e79650e8, IP: ::1 [] []
[2025-08-03T15:30:41.754470+02:00] auth.INFO: Session ID: lk0on5dggovtf75km7ope9tiuo, IP: ::1 [] []
[2025-08-03T15:30:41.757788+02:00] auth.ERROR: JSON parsing failed: Syntax error, Raw input:  [] []
[2025-08-03T15:31:39.308345+02:00] auth.INFO: CSRF token already exists for session: lk0on5dggovtf75km7ope9tiuo, token: dd832df571115d0da4b2d01609dc1d1dba54da3106f9b01808351271e79650e8, IP: ::1 [] []
[2025-08-03T15:31:43.757174+02:00] auth.INFO: Session ID: lk0on5dggovtf75km7ope9tiuo, IP: ::1 [] []
[2025-08-03T15:31:43.761657+02:00] auth.ERROR: JSON parsing failed: Syntax error, Raw input:  [] []
[2025-08-03T15:37:39.382671+02:00] auth.INFO: CSRF token generated for session: lqijqlgis2cuosbml6455av9qv, token: 3293d5e1fa612f24abd369077d68e4cd3c29475777d7364817fa27eca745b1bf, IP: ::1 [] []
[2025-08-03T15:37:42.207999+02:00] auth.INFO: Session ID: lqijqlgis2cuosbml6455av9qv, IP: ::1 [] []
[2025-08-03T15:37:42.215691+02:00] auth.ERROR: JSON parsing failed: Syntax error, Raw input:  [] []
[2025-08-03T15:38:03.868406+02:00] auth.INFO: CSRF token generated for session: tsd70edsl62smodqv09ij86arn, token: 63244bf92dda4bae3654ee1d75c054902771d2b94cca69fbfa477f57b490fa10, IP: ::1 [] []
[2025-08-03T15:38:05.094980+02:00] auth.INFO: Session ID: tsd70edsl62smodqv09ij86arn, IP: ::1 [] []
[2025-08-03T15:38:05.099744+02:00] auth.ERROR: JSON parsing failed: Syntax error, Raw input:  [] []
[2025-08-03T15:38:06.430108+02:00] auth.INFO: CSRF token generated for session: emgnbtsr22q81rdvltsttd1gg4, token: 2c804b3703e61564d34e32bd00837847c8c5814ae42755d1f88d9134052ce903, IP: ::1 [] []
[2025-08-03T15:38:06.869710+02:00] auth.INFO: CSRF token generated for session: 2qejg8t9mp686d76miclv2ak4j, token: 7959a379d5dd275c091af12bfb91dd44c65ee25365482e9ece0696908193fd78, IP: ::1 [] []
[2025-08-03T15:38:06.906801+02:00] auth.INFO: CSRF token generated for session: mne31s93355r593q5aq5hg1uds, token: 24f25e1b51b94930f229b0b8ede337dc5935c6128cac6cb8dc57ed7404dc4c87, IP: ::1 [] []
[2025-08-03T15:38:07.478081+02:00] auth.INFO: Session ID: 2qejg8t9mp686d76miclv2ak4j, IP: ::1 [] []
[2025-08-03T15:38:07.482266+02:00] auth.ERROR: JSON parsing failed: Syntax error, Raw input:  [] []
[2025-08-03T15:38:18.423268+02:00] auth.INFO: Session ID: tsd70edsl62smodqv09ij86arn, IP: ::1 [] []
[2025-08-03T15:38:18.429143+02:00] auth.INFO: CSRF token validated for IP: ::1, token: 63244bf92dda4bae3654ee1d75c054902771d2b94cca69fbfa477f57b490fa10 [] []
[2025-08-03T15:38:18.429301+02:00] auth.INFO: Action received: register, Method: POST, Content-Type: application/json [] []
[2025-08-03T15:38:18.564818+02:00] auth.INFO: User registered, ID: 2, email: dbsc2008@gmail.com [] []
[2025-08-03T15:38:22.386250+02:00] auth.INFO: Verification email sent to dbsc2008@gmail.com [] []
[2025-08-03T15:39:54.859526+02:00] auth.INFO: Session ID: lk0on5dggovtf75km7ope9tiuo, IP: ::1 [] []
[2025-08-03T15:39:54.873595+02:00] auth.INFO: CSRF token validated for IP: ::1, token: dd832df571115d0da4b2d01609dc1d1dba54da3106f9b01808351271e79650e8 [] []
[2025-08-03T15:39:54.873753+02:00] auth.INFO: Action received: register, Method: POST, Content-Type: application/json [] []
[2025-08-03T15:39:55.033270+02:00] auth.INFO: User registered, ID: 3, email: dbsc2008@gmail.com [] []
[2025-08-03T15:40:00.036970+02:00] auth.INFO: Verification email sent to dbsc2008@gmail.com [] []
[2025-08-03T16:37:46.010222+02:00] auth.INFO: CSRF token already exists for session: lk0on5dggovtf75km7ope9tiuo, token: dd832df571115d0da4b2d01609dc1d1dba54da3106f9b01808351271e79650e8, IP: ::1 [] []
[2025-08-03T16:37:53.400059+02:00] auth.INFO: Session ID: lk0on5dggovtf75km7ope9tiuo, IP: ::1 [] []
[2025-08-03T16:37:53.406372+02:00] auth.ERROR: JSON parsing failed: Syntax error, Raw input:  [] []
[2025-08-03T16:37:59.521747+02:00] auth.INFO: Session ID: lk0on5dggovtf75km7ope9tiuo, IP: ::1 [] []
[2025-08-03T16:37:59.526204+02:00] auth.INFO: CSRF token validated for IP: ::1, token: dd832df571115d0da4b2d01609dc1d1dba54da3106f9b01808351271e79650e8 [] []
[2025-08-03T16:37:59.526350+02:00] auth.INFO: Action received: register, Method: POST, Content-Type: application/json [] []
[2025-08-03T16:37:59.549206+02:00] auth.WARNING: Registration attempt with existing email/phone: dbsc2008@gmail.com/09039549262 [] []
[2025-08-03T16:38:33.209200+02:00] auth.INFO: Session ID: lk0on5dggovtf75km7ope9tiuo, IP: ::1 [] []
[2025-08-03T16:38:33.215843+02:00] auth.INFO: CSRF token validated for IP: ::1, token: dd832df571115d0da4b2d01609dc1d1dba54da3106f9b01808351271e79650e8 [] []
[2025-08-03T16:38:33.215975+02:00] auth.INFO: Action received: register, Method: POST, Content-Type: application/json [] []
[2025-08-03T16:38:33.372959+02:00] auth.INFO: User registered, ID: 4, email: dbsc2008@gmail.com [] []
[2025-08-03T16:38:37.624951+02:00] auth.INFO: Verification email sent to dbsc2008@gmail.com [] []
[2025-08-03T16:50:11.694704+02:00] auth.INFO: Session ID: lk0on5dggovtf75km7ope9tiuo, IP: ::1 [] []
[2025-08-03T16:50:11.700547+02:00] auth.INFO: CSRF token validated for IP: ::1, token: dd832df571115d0da4b2d01609dc1d1dba54da3106f9b01808351271e79650e8 [] []
[2025-08-03T16:50:11.700804+02:00] auth.INFO: Action received: register, Method: POST, Content-Type: application/json [] []
[2025-08-03T16:50:11.833612+02:00] auth.INFO: User registered, ID: 5, email: dbsc2008@gmail.com [] []
[2025-08-03T16:50:18.877256+02:00] auth.INFO: Verification email sent to dbsc2008@gmail.com [] []
[2025-08-03T22:58:31.995404+02:00] auth.INFO: CSRF token already exists for session: lk0on5dggovtf75km7ope9tiuo, token: dd832df571115d0da4b2d01609dc1d1dba54da3106f9b01808351271e79650e8, IP: ::1 [] []
[2025-08-03T22:58:36.190058+02:00] auth.INFO: Session ID: lk0on5dggovtf75km7ope9tiuo, IP: ::1 [] []
[2025-08-03T22:58:36.198228+02:00] auth.ERROR: JSON parsing failed: Syntax error, Raw input:  [] []
[2025-08-03T22:59:45.390491+02:00] auth.INFO: Session ID: lk0on5dggovtf75km7ope9tiuo, IP: ::1 [] []
[2025-08-03T22:59:45.394818+02:00] auth.INFO: CSRF token validated for IP: ::1, token: dd832df571115d0da4b2d01609dc1d1dba54da3106f9b01808351271e79650e8 [] []
[2025-08-03T22:59:45.394923+02:00] auth.INFO: Action received: register, Method: POST, Content-Type: application/json [] []
[2025-08-03T22:59:45.482634+02:00] auth.INFO: User registered, ID: 6, email: dbsc2008@gmail.com [] []
[2025-08-03T22:59:50.845035+02:00] auth.INFO: Verification email sent to dbsc2008@gmail.com [] []
[2025-08-03T23:00:10.102747+02:00] auth.INFO: Session ID: lk0on5dggovtf75km7ope9tiuo, IP: ::1 [] []
[2025-08-03T23:00:10.106001+02:00] auth.INFO: CSRF token validated for IP: ::1, token: dd832df571115d0da4b2d01609dc1d1dba54da3106f9b01808351271e79650e8 [] []
[2025-08-03T23:00:10.106127+02:00] auth.INFO: Action received: register, Method: POST, Content-Type: application/json [] []
[2025-08-03T23:00:10.107215+02:00] auth.WARNING: Invalid registration input: email=dbsc2008@gmail.com, phone=09039549262 [] []
[2025-08-03T23:00:32.486910+02:00] auth.INFO: Session ID: lk0on5dggovtf75km7ope9tiuo, IP: ::1 [] []
[2025-08-03T23:00:32.490026+02:00] auth.INFO: CSRF token validated for IP: ::1, token: dd832df571115d0da4b2d01609dc1d1dba54da3106f9b01808351271e79650e8 [] []
[2025-08-03T23:00:32.490136+02:00] auth.INFO: Action received: register, Method: POST, Content-Type: application/json [] []
[2025-08-03T23:00:32.491006+02:00] auth.WARNING: Invalid registration input: email=dbsc2008@gmail.com, phone=09039549262 [] []
[2025-08-03T23:04:10.407935+02:00] auth.INFO: CSRF token already exists for session: lk0on5dggovtf75km7ope9tiuo, token: dd832df571115d0da4b2d01609dc1d1dba54da3106f9b01808351271e79650e8, IP: ::1 [] []
[2025-08-03T23:04:13.609519+02:00] auth.INFO: Session ID: lk0on5dggovtf75km7ope9tiuo, IP: ::1 [] []
[2025-08-03T23:04:13.615301+02:00] auth.ERROR: JSON parsing failed: Syntax error, Raw input:  [] []
[2025-08-03T23:04:26.005501+02:00] auth.INFO: Session ID: lk0on5dggovtf75km7ope9tiuo, IP: ::1 [] []
[2025-08-03T23:04:26.012319+02:00] auth.INFO: CSRF token validated for IP: ::1, token: dd832df571115d0da4b2d01609dc1d1dba54da3106f9b01808351271e79650e8 [] []
[2025-08-03T23:04:26.013178+02:00] auth.INFO: Action received: register, Method: POST, Content-Type: application/json [] []
[2025-08-03T23:04:26.102224+02:00] auth.INFO: User registered, ID: 7, email: dbsc2008@gmail.com [] []
[2025-08-03T23:04:31.126067+02:00] auth.INFO: Verification email sent to dbsc2008@gmail.com [] []
[2025-08-03T23:04:58.744115+02:00] auth.INFO: Session ID: lk0on5dggovtf75km7ope9tiuo, IP: ::1 [] []
[2025-08-03T23:04:58.751201+02:00] auth.INFO: CSRF token validated for IP: ::1, token: dd832df571115d0da4b2d01609dc1d1dba54da3106f9b01808351271e79650e8 [] []
[2025-08-03T23:04:58.751327+02:00] auth.INFO: Action received: register, Method: POST, Content-Type: application/json [] []
[2025-08-03T23:04:58.755150+02:00] auth.WARNING: Registration attempt with existing email/phone: dbsc2008@gmail.com/09039549262 [] []
[2025-08-03T23:05:46.543959+02:00] auth.INFO: Session ID: lk0on5dggovtf75km7ope9tiuo, IP: ::1 [] []
[2025-08-03T23:05:46.546984+02:00] auth.INFO: CSRF token validated for IP: ::1, token: dd832df571115d0da4b2d01609dc1d1dba54da3106f9b01808351271e79650e8 [] []
[2025-08-03T23:05:46.547097+02:00] auth.INFO: Action received: register, Method: POST, Content-Type: application/json [] []
[2025-08-03T23:05:46.550228+02:00] auth.WARNING: Registration attempt with existing email/phone: dbsc2008@gmail.com/09039549262 [] []
[2025-08-04T13:41:22.653076+02:00] auth.INFO: CSRF token already exists for session: lk0on5dggovtf75km7ope9tiuo, token: dd832df571115d0da4b2d01609dc1d1dba54da3106f9b01808351271e79650e8, IP: ::1 [] []
[2025-08-04T13:41:26.393104+02:00] auth.INFO: Session ID: lk0on5dggovtf75km7ope9tiuo, IP: ::1 [] []
[2025-08-04T13:41:26.398585+02:00] auth.ERROR: JSON parsing failed: Syntax error, Raw input:  [] []
[2025-08-04T13:41:34.816099+02:00] auth.INFO: Session ID: lk0on5dggovtf75km7ope9tiuo, IP: ::1 [] []
[2025-08-04T13:41:34.821214+02:00] auth.INFO: CSRF token validated for IP: ::1, token: dd832df571115d0da4b2d01609dc1d1dba54da3106f9b01808351271e79650e8 [] []
[2025-08-04T13:41:34.821334+02:00] auth.INFO: Action received: check_existing, Method: POST, Content-Type: application/json [] []
[2025-08-04T13:41:34.830101+02:00] auth.INFO: Existence check passed for email/phone: dbsc2008@gmail.com/09039549262 [] []
[2025-08-04T13:41:54.700999+02:00] auth.INFO: Session ID: lk0on5dggovtf75km7ope9tiuo, IP: ::1 [] []
[2025-08-04T13:41:54.705962+02:00] auth.INFO: CSRF token validated for IP: ::1, token: dd832df571115d0da4b2d01609dc1d1dba54da3106f9b01808351271e79650e8 [] []
[2025-08-04T13:41:54.706072+02:00] auth.INFO: Action received: register, Method: POST, Content-Type: application/json [] []
[2025-08-04T13:41:54.841395+02:00] auth.INFO: User registered, ID: 8, email: dbsc2008@gmail.com [] []
[2025-08-04T13:41:54.903865+02:00] auth.ERROR: Registration failed for dbsc2008@gmail.com: SMTP Error: Could not connect to SMTP host. Failed to connect to server [] []
[2025-08-04T13:42:07.368681+02:00] auth.INFO: Session ID: lk0on5dggovtf75km7ope9tiuo, IP: ::1 [] []
[2025-08-04T13:42:07.371689+02:00] auth.INFO: CSRF token validated for IP: ::1, token: dd832df571115d0da4b2d01609dc1d1dba54da3106f9b01808351271e79650e8 [] []
[2025-08-04T13:42:07.371822+02:00] auth.INFO: Action received: register, Method: POST, Content-Type: application/json [] []
[2025-08-04T13:42:07.375797+02:00] auth.WARNING: Registration attempt with existing email/phone: dbsc2008@gmail.com/09039549262 [] []
[2025-08-04T15:00:33.437109+02:00] auth.INFO: Session ID: lk0on5dggovtf75km7ope9tiuo, IP: ::1 [] []
[2025-08-04T15:00:33.495397+02:00] auth.INFO: CSRF token validated for IP: ::1, token: dd832df571115d0da4b2d01609dc1d1dba54da3106f9b01808351271e79650e8 [] []
[2025-08-04T15:00:33.501842+02:00] auth.INFO: Existence check passed for email/phone: dbsc2008@gmail.com/09039549262 [] []
[2025-08-04T15:00:37.880054+02:00] auth.INFO: Session ID: lk0on5dggovtf75km7ope9tiuo, IP: ::1 [] []
[2025-08-04T15:00:37.884407+02:00] auth.INFO: CSRF token validated for IP: ::1, token: dd832df571115d0da4b2d01609dc1d1dba54da3106f9b01808351271e79650e8 [] []
[2025-08-04T15:00:37.884599+02:00] auth.WARNING: Invalid action requested: register [] []
[2025-08-04T15:00:49.503674+02:00] auth.INFO: CSRF token already exists for session: lk0on5dggovtf75km7ope9tiuo, token: dd832df571115d0da4b2d01609dc1d1dba54da3106f9b01808351271e79650e8, IP: ::1 [] []
[2025-08-04T15:00:56.357761+02:00] auth.INFO: Session ID: lk0on5dggovtf75km7ope9tiuo, IP: ::1 [] []
[2025-08-04T15:00:56.362286+02:00] auth.ERROR: JSON parsing failed: Syntax error, Raw input:  [] []
[2025-08-04T15:01:02.953911+02:00] auth.INFO: Session ID: lk0on5dggovtf75km7ope9tiuo, IP: ::1 [] []
[2025-08-04T15:01:02.960290+02:00] auth.INFO: CSRF token validated for IP: ::1, token: dd832df571115d0da4b2d01609dc1d1dba54da3106f9b01808351271e79650e8 [] []
[2025-08-04T15:01:02.968525+02:00] auth.INFO: Existence check passed for email/phone: dbsc2008@gmail.com/09039549262 [] []
[2025-08-04T15:01:03.013686+02:00] auth.INFO: Session ID: lk0on5dggovtf75km7ope9tiuo, IP: ::1 [] []
[2025-08-04T15:01:03.018071+02:00] auth.INFO: CSRF token validated for IP: ::1, token: dd832df571115d0da4b2d01609dc1d1dba54da3106f9b01808351271e79650e8 [] []
[2025-08-04T15:01:03.018205+02:00] auth.WARNING: Invalid action requested: store_session_data from IP: ::1, Input: {"action":"store_session_data","csrf_token":"dd832df571115d0da4b2d01609dc1d1dba54da3106f9b01808351271e79650e8","registration_data":{"firstName":"Idris","lastName":"Rabiu","email":"dbsc2008@gmail.com","phone":"09039549262","password":"","verificationType":"","bvnMethod":"","bvnValue":null,"ninMethod":"","ninFiles":{"front":null,"back":null}}} [] []
[2025-08-04T15:02:19.775511+02:00] auth.INFO: CSRF token already exists for session: lk0on5dggovtf75km7ope9tiuo, token: dd832df571115d0da4b2d01609dc1d1dba54da3106f9b01808351271e79650e8, IP: ::1 [] []
[2025-08-04T15:02:25.419817+02:00] auth.INFO: Session ID: lk0on5dggovtf75km7ope9tiuo, IP: ::1 [] []
[2025-08-04T15:02:25.424145+02:00] auth.ERROR: JSON parsing failed: Syntax error [] []
[2025-08-04T15:02:30.766246+02:00] auth.INFO: Session ID: lk0on5dggovtf75km7ope9tiuo, IP: ::1 [] []
[2025-08-04T15:02:30.770285+02:00] auth.INFO: CSRF token validated for IP: ::1, token: dd832df571115d0da4b2d01609dc1d1dba54da3106f9b01808351271e79650e8 [] []
[2025-08-04T15:02:30.774521+02:00] auth.INFO: Existence check passed for email/phone: dbsc2008@gmail.com/09039549262 [] []
[2025-08-04T15:02:30.810785+02:00] auth.INFO: Session ID: lk0on5dggovtf75km7ope9tiuo, IP: ::1 [] []
[2025-08-04T15:02:30.817718+02:00] auth.INFO: CSRF token validated for IP: ::1, token: dd832df571115d0da4b2d01609dc1d1dba54da3106f9b01808351271e79650e8 [] []
[2025-08-04T15:02:30.818047+02:00] auth.INFO: Stored registration data for session: lk0on5dggovtf75km7ope9tiuo [] []
[2025-08-04T15:03:02.208145+02:00] auth.INFO: Session ID: lk0on5dggovtf75km7ope9tiuo, IP: ::1 [] []
[2025-08-04T15:03:02.213747+02:00] auth.INFO: CSRF token validated for IP: ::1, token: dd832df571115d0da4b2d01609dc1d1dba54da3106f9b01808351271e79650e8 [] []
[2025-08-04T15:03:02.214056+02:00] auth.INFO: Stored registration data for session: lk0on5dggovtf75km7ope9tiuo [] []
[2025-08-04T15:06:12.700696+02:00] auth.INFO: CSRF token already exists for session: lk0on5dggovtf75km7ope9tiuo, token: dd832df571115d0da4b2d01609dc1d1dba54da3106f9b01808351271e79650e8, IP: ::1 [] []
[2025-08-04T15:06:17.938212+02:00] auth.INFO: Session ID: lk0on5dggovtf75km7ope9tiuo, IP: ::1 [] []
[2025-08-04T15:06:17.945796+02:00] auth.ERROR: JSON parsing failed: Syntax error [] []
[2025-08-04T15:07:39.266267+02:00] auth.INFO: Session ID: lk0on5dggovtf75km7ope9tiuo, IP: ::1 [] []
[2025-08-04T15:07:39.271392+02:00] auth.INFO: CSRF token validated for IP: ::1, token: dd832df571115d0da4b2d01609dc1d1dba54da3106f9b01808351271e79650e8 [] []
[2025-08-04T15:07:39.276436+02:00] auth.INFO: Existence check passed for email/phone: dbsc2008@gmail.com/09039549262 [] []
[2025-08-04T15:07:39.325755+02:00] auth.INFO: Session ID: lk0on5dggovtf75km7ope9tiuo, IP: ::1 [] []
[2025-08-04T15:07:39.331318+02:00] auth.INFO: CSRF token validated for IP: ::1, token: dd832df571115d0da4b2d01609dc1d1dba54da3106f9b01808351271e79650e8 [] []
[2025-08-04T15:07:39.332103+02:00] auth.INFO: Stored registration data for session: lk0on5dggovtf75km7ope9tiuo [] []
[2025-08-04T15:07:55.577618+02:00] auth.INFO: Session ID: lk0on5dggovtf75km7ope9tiuo, IP: ::1 [] []
[2025-08-04T15:07:55.581462+02:00] auth.INFO: CSRF token validated for IP: ::1, token: dd832df571115d0da4b2d01609dc1d1dba54da3106f9b01808351271e79650e8 [] []
[2025-08-04T15:07:55.581714+02:00] auth.INFO: Stored registration data for session: lk0on5dggovtf75km7ope9tiuo [] []
[2025-08-04T15:33:46.024971+02:00] auth.INFO: Session ID: lk0on5dggovtf75km7ope9tiuo, IP: ::1 [] []
[2025-08-04T15:33:46.028163+02:00] auth.INFO: CSRF token validated for IP: ::1, token: dd832df571115d0da4b2d01609dc1d1dba54da3106f9b01808351271e79650e8 [] []
[2025-08-04T15:33:46.115223+02:00] auth.INFO: User registered, ID: 9, email: dbsc2008@gmail.com [] []
[2025-08-04T15:33:46.124960+02:00] auth.ERROR: Complete registration failed for dbsc2008@gmail.com: Unknown column 'bvn' in 'field list' [] []
[2025-08-04T15:34:15.430424+02:00] auth.INFO: Session ID: lk0on5dggovtf75km7ope9tiuo, IP: ::1 [] []
[2025-08-04T15:34:15.434939+02:00] auth.INFO: CSRF token validated for IP: ::1, token: dd832df571115d0da4b2d01609dc1d1dba54da3106f9b01808351271e79650e8 [] []
[2025-08-04T15:34:15.440410+02:00] auth.WARNING: Complete registration attempt with existing email/phone: dbsc2008@gmail.com/09039549262 [] []
[2025-08-04T15:34:16.371922+02:00] auth.INFO: Session ID: lk0on5dggovtf75km7ope9tiuo, IP: ::1 [] []
[2025-08-04T15:34:16.375008+02:00] auth.INFO: CSRF token validated for IP: ::1, token: dd832df571115d0da4b2d01609dc1d1dba54da3106f9b01808351271e79650e8 [] []
[2025-08-04T15:34:16.377828+02:00] auth.WARNING: Complete registration attempt with existing email/phone: dbsc2008@gmail.com/09039549262 [] []
[2025-08-04T15:34:23.273259+02:00] auth.INFO: Session ID: lk0on5dggovtf75km7ope9tiuo, IP: ::1 [] []
[2025-08-04T15:34:23.277959+02:00] auth.INFO: CSRF token validated for IP: ::1, token: dd832df571115d0da4b2d01609dc1d1dba54da3106f9b01808351271e79650e8 [] []
[2025-08-04T15:34:23.282581+02:00] auth.WARNING: Complete registration attempt with existing email/phone: dbsc2008@gmail.com/09039549262 [] []
[2025-08-04T15:40:58.619631+02:00] auth.INFO: Session ID: lk0on5dggovtf75km7ope9tiuo, IP: ::1 [] []
[2025-08-04T15:40:58.629342+02:00] auth.INFO: CSRF token validated for IP: ::1, token: dd832df571115d0da4b2d01609dc1d1dba54da3106f9b01808351271e79650e8 [] []
[2025-08-04T15:40:58.725041+02:00] auth.INFO: User registered, ID: 10, email: dbsc2008@gmail.com [] []
[2025-08-04T15:40:58.727705+02:00] auth.ERROR: Complete registration failed for dbsc2008@gmail.com: Unknown column 'bvn' in 'field list' [] []
[2025-08-04T19:03:31.192678+02:00] auth.INFO: Session ID: lk0on5dggovtf75km7ope9tiuo, IP: ::1 [] []
[2025-08-04T19:03:31.199242+02:00] auth.INFO: CSRF token validated for IP: ::1, token: dd832df571115d0da4b2d01609dc1d1dba54da3106f9b01808351271e79650e8 [] []
[2025-08-04T19:03:31.199377+02:00] auth.WARNING: Invalid action requested:  [] []
[2025-08-04T19:03:44.171706+02:00] auth.INFO: CSRF token already exists for session: lk0on5dggovtf75km7ope9tiuo, token: dd832df571115d0da4b2d01609dc1d1dba54da3106f9b01808351271e79650e8, IP: ::1 [] []
[2025-08-04T19:03:49.705272+02:00] auth.INFO: Session ID: lk0on5dggovtf75km7ope9tiuo, IP: ::1 [] []
[2025-08-04T19:03:49.710503+02:00] auth.ERROR: JSON parsing failed: Syntax error [] []
[2025-08-04T19:03:54.779364+02:00] auth.INFO: Session ID: lk0on5dggovtf75km7ope9tiuo, IP: ::1 [] []
[2025-08-04T19:03:54.783990+02:00] auth.INFO: CSRF token validated for IP: ::1, token: dd832df571115d0da4b2d01609dc1d1dba54da3106f9b01808351271e79650e8 [] []
[2025-08-04T19:03:54.784210+02:00] auth.WARNING: Invalid action requested:  [] []
[2025-08-04T19:32:13.447115+02:00] auth.INFO: CSRF token already exists for session: lk0on5dggovtf75km7ope9tiuo, token: dd832df571115d0da4b2d01609dc1d1dba54da3106f9b01808351271e79650e8, IP: ::1 [] []
[2025-08-04T19:44:21.608145+02:00] auth.INFO: CSRF token already exists for session: lk0on5dggovtf75km7ope9tiuo, token: dd832df571115d0da4b2d01609dc1d1dba54da3106f9b01808351271e79650e8, IP: ::1 [] []
[2025-08-04T19:44:27.431369+02:00] auth.INFO: Session ID: lk0on5dggovtf75km7ope9tiuo, IP: ::1 [] []
[2025-08-04T19:44:27.435053+02:00] auth.WARNING: Error response: Invalid JSON payload, code: 400, details: {"json_error":"Syntax error"}, IP: ::1 [] []
[2025-08-04T19:47:21.121279+02:00] auth.INFO: CSRF token already exists for session: lk0on5dggovtf75km7ope9tiuo, token: dd832df571115d0da4b2d01609dc1d1dba54da3106f9b01808351271e79650e8, IP: ::1 [] []
[2025-08-04T19:47:28.981753+02:00] auth.INFO: Session ID: lk0on5dggovtf75km7ope9tiuo, IP: ::1 [] []
[2025-08-04T19:47:28.987160+02:00] auth.WARNING: Error response: Invalid JSON payload, code: 400, details: {"json_error":"Syntax error"}, IP: ::1 [] []
[2025-08-04T19:47:49.959787+02:00] auth.INFO: CSRF token already exists for session: lk0on5dggovtf75km7ope9tiuo, token: dd832df571115d0da4b2d01609dc1d1dba54da3106f9b01808351271e79650e8, IP: ::1 [] []
[2025-08-04T19:47:55.330403+02:00] auth.INFO: CSRF token already exists for session: lk0on5dggovtf75km7ope9tiuo, token: dd832df571115d0da4b2d01609dc1d1dba54da3106f9b01808351271e79650e8, IP: ::1 [] []
[2025-08-04T19:55:25.762684+02:00] auth.INFO: CSRF token already exists for session: lk0on5dggovtf75km7ope9tiuo, token: dd832df571115d0da4b2d01609dc1d1dba54da3106f9b01808351271e79650e8, IP: ::1 [] []
[2025-08-04T19:55:29.762367+02:00] auth.INFO: Session ID: lk0on5dggovtf75km7ope9tiuo, IP: ::1 [] []
[2025-08-04T19:55:29.765596+02:00] auth.WARNING: Error response: Invalid JSON payload, code: 400, details: {"json_error":"Syntax error"}, IP: ::1 [] []
[2025-08-04T19:55:59.432052+02:00] auth.INFO: CSRF token already exists for session: lk0on5dggovtf75km7ope9tiuo, token: dd832df571115d0da4b2d01609dc1d1dba54da3106f9b01808351271e79650e8, IP: ::1 [] []
[2025-08-04T19:56:02.937612+02:00] auth.INFO: Session ID: lk0on5dggovtf75km7ope9tiuo, IP: ::1 [] []
[2025-08-04T19:56:02.940246+02:00] auth.WARNING: Error response: Invalid JSON payload, code: 400, details: {"json_error":"Syntax error"}, IP: ::1 [] []
[2025-08-04T20:33:46.051446+02:00] auth.INFO: CSRF token already exists for session: lk0on5dggovtf75km7ope9tiuo, token: dd832df571115d0da4b2d01609dc1d1dba54da3106f9b01808351271e79650e8, IP: ::1 [] []
[2025-08-04T20:33:50.944238+02:00] auth.INFO: Session ID: lk0on5dggovtf75km7ope9tiuo, IP: ::1 [] []
[2025-08-04T20:33:50.947074+02:00] auth.WARNING: Error response: Invalid JSON payload, code: 400, details: {"json_error":"Syntax error"}, IP: ::1 [] []
[2025-08-04T20:34:04.724502+02:00] auth.INFO: Session ID: lk0on5dggovtf75km7ope9tiuo, IP: ::1 [] []
[2025-08-04T20:34:04.728171+02:00] auth.INFO: CSRF token validated for IP: ::1, token: dd832df571115d0da4b2d01609dc1d1dba54da3106f9b01808351271e79650e8 [] []
