[2025-08-04T21:04:38.717145+02:00] auth.INFO: CSRF token already exists for session: lk0on5dggovtf75km7ope9tiuo, token: 97df931e6b5ed48a6efce3a7fe5aae167eafe0cd66464666019305440c7794d0, IP: ::1 [] []
[2025-08-04T21:04:42.917991+02:00] auth.INFO: Session ID: lk0on5dggovtf75km7ope9tiuo, IP: ::1 [] []
[2025-08-04T21:04:42.921915+02:00] auth.WARNING: Error response: Invalid JSON payload, code: 400, details: {"json_error":"Syntax error"}, IP: ::1 [] []
[2025-08-04T21:04:56.501088+02:00] auth.INFO: Session ID: lk0on5dggovtf75km7ope9tiuo, IP: ::1 [] []
[2025-08-04T21:04:56.504324+02:00] auth.INFO: CSRF token validated for IP: ::1, token: 97df931e6b5ed48a6efce3a7fe5aae167eafe0cd66464666019305440c7794d0 [] []
[2025-08-04T21:04:56.518788+02:00] auth.INFO: Success response: Email and phone are available, IP: ::1 [] []
[2025-08-04T21:04:56.560555+02:00] auth.INFO: Session ID: lk0on5dggovtf75km7ope9tiuo, IP: ::1 [] []
[2025-08-04T21:04:56.563954+02:00] auth.WARNING: Error response: Invalid CSRF token, code: 403, details: {"sent_token":"97df931e6b5ed48a6efce3a7fe5aae167eafe0cd66464666019305440c7794d0"}, IP: ::1 [] []
[2025-08-04T21:14:55.438272+02:00] auth.INFO: CSRF token already exists for session: lk0on5dggovtf75km7ope9tiuo, token: e9e6f6578499f6ec4d2b0492257919369a6e4495895dea3d22231fcebe4b15b3, IP: ::1 [] []
[2025-08-04T21:14:59.710897+02:00] auth.INFO: Session ID: lk0on5dggovtf75km7ope9tiuo, IP: ::1 [] []
[2025-08-04T21:14:59.716244+02:00] auth.WARNING: Error response: Invalid JSON payload, code: 400, details: {"json_error":"Syntax error"}, IP: ::1 [] []
[2025-08-04T21:15:20.468771+02:00] auth.INFO: CSRF token already exists for session: lk0on5dggovtf75km7ope9tiuo, token: e9e6f6578499f6ec4d2b0492257919369a6e4495895dea3d22231fcebe4b15b3, IP: ::1 [] []
[2025-08-04T21:15:23.870815+02:00] auth.INFO: Session ID: lk0on5dggovtf75km7ope9tiuo, IP: ::1 [] []
[2025-08-04T21:15:23.874978+02:00] auth.WARNING: Error response: Invalid JSON payload, code: 400, details: {"json_error":"Syntax error"}, IP: ::1 [] []
[2025-08-04T21:15:30.765684+02:00] auth.INFO: Session ID: lk0on5dggovtf75km7ope9tiuo, IP: ::1 [] []
[2025-08-04T21:15:30.768193+02:00] auth.INFO: CSRF token validated for IP: ::1, token: e9e6f6578499f6ec4d2b0492257919369a6e4495895dea3d22231fcebe4b15b3 [] []
[2025-08-04T21:15:30.786168+02:00] auth.INFO: Success response: Email and phone are available, IP: ::1 [] []
[2025-08-04T21:15:30.823725+02:00] auth.INFO: Session ID: lk0on5dggovtf75km7ope9tiuo, IP: ::1 [] []
[2025-08-04T21:15:30.831005+02:00] auth.WARNING: Error response: Invalid CSRF token, code: 403, details: {"sent_token":"e9e6f6578499f6ec4d2b0492257919369a6e4495895dea3d22231fcebe4b15b3"}, IP: ::1 [] []
[2025-08-04T21:31:50.748288+02:00] auth.INFO: CSRF token already exists for session: lk0on5dggovtf75km7ope9tiuo, token: 70f433951beb7833568831697401201d2fa78290c94060b15b8e149dc74c6bef, IP: ::1 [] []
[2025-08-04T21:31:54.407529+02:00] auth.INFO: Session ID: lk0on5dggovtf75km7ope9tiuo, IP: ::1 [] []
[2025-08-04T21:31:54.412402+02:00] auth.WARNING: Error response: Invalid JSON payload, code: 400, details: {"json_error":"Syntax error"}, IP: ::1 [] []
[2025-08-04T21:32:00.915720+02:00] auth.INFO: Session ID: lk0on5dggovtf75km7ope9tiuo, IP: ::1 [] []
[2025-08-04T21:32:00.918284+02:00] auth.INFO: CSRF token validated for IP: ::1, token: 70f433951beb7833568831697401201d2fa78290c94060b15b8e149dc74c6bef [] []
[2025-08-04T21:32:00.949187+02:00] auth.INFO: Success response: Email and phone are available, IP: ::1 [] []
[2025-08-04T21:32:00.980651+02:00] auth.INFO: Session ID: lk0on5dggovtf75km7ope9tiuo, IP: ::1 [] []
[2025-08-04T21:32:00.982289+02:00] auth.WARNING: Error response: Invalid CSRF token, code: 403, details: {"sent_token":"70f433951beb7833568831697401201d2fa78290c94060b15b8e149dc74c6bef"}, IP: ::1 [] []
[2025-08-04T21:56:12.480335+02:00] auth.INFO: Session ID: lk0on5dggovtf75km7ope9tiuo, IP: ::1 [] []
[2025-08-04T21:56:12.485851+02:00] auth.WARNING: Error response: Invalid CSRF token, code: 403, details: {"sent_token":"70f433951beb7833568831697401201d2fa78290c94060b15b8e149dc74c6bef"}, IP: ::1 [] []
[2025-08-04T22:05:18.822597+02:00] auth.INFO: Session ID: lk0on5dggovtf75km7ope9tiuo, IP: ::1 [] []
[2025-08-04T22:05:18.839210+02:00] auth.WARNING: Error response: Invalid CSRF token, code: 403, details: {"sent_token":"70f433951beb7833568831697401201d2fa78290c94060b15b8e149dc74c6bef"}, IP: ::1 [] []
[2025-08-04T23:03:51.727556+02:00] auth.INFO: CSRF token already exists for session: lk0on5dggovtf75km7ope9tiuo, token: 054c6eadd9f713e976a86d16d579b348e4ed73b4e2aadcb3345b193e13fa53bf, IP: ::1 [] []
[2025-08-04T23:11:54.680316+02:00] auth.INFO: CSRF token already exists for session: lk0on5dggovtf75km7ope9tiuo, token: 054c6eadd9f713e976a86d16d579b348e4ed73b4e2aadcb3345b193e13fa53bf, IP: ::1 [] []
[2025-08-04T23:12:01.265291+02:00] auth.INFO: Session ID: lk0on5dggovtf75km7ope9tiuo, IP: ::1 [] []
[2025-08-04T23:12:01.279152+02:00] auth.WARNING: Error response: Invalid JSON payload, code: 400, details: {"json_error":"Syntax error"}, IP: ::1 [] []
[2025-08-04T23:12:10.626824+02:00] auth.INFO: Session ID: lk0on5dggovtf75km7ope9tiuo, IP: ::1 [] []
[2025-08-04T23:12:10.630551+02:00] auth.INFO: CSRF token validated for IP: ::1, token: 054c6eadd9f713e976a86d16d579b348e4ed73b4e2aadcb3345b193e13fa53bf [] []
[2025-08-04T23:12:10.677610+02:00] auth.INFO: Success response: Email and phone are available, IP: ::1 [] []
[2025-08-04T23:12:10.730357+02:00] auth.INFO: Session ID: lk0on5dggovtf75km7ope9tiuo, IP: ::1 [] []
[2025-08-04T23:12:10.733360+02:00] auth.WARNING: Error response: Invalid CSRF token, code: 403, details: {"sent_token":"054c6eadd9f713e976a86d16d579b348e4ed73b4e2aadcb3345b193e13fa53bf"}, IP: ::1 [] []
[2025-08-04T23:24:46.830115+02:00] auth.INFO: CSRF token already exists for session: lk0on5dggovtf75km7ope9tiuo, token: dee737fd88c9ed933309c95479edce5ad6479052f2ad513042a99a18b816661a, IP: ::1 [] []
[2025-08-04T23:24:54.422387+02:00] auth.INFO: Session ID: lk0on5dggovtf75km7ope9tiuo, IP: ::1 [] []
[2025-08-04T23:24:54.432466+02:00] auth.WARNING: Error response: Invalid JSON payload, code: 400, details: {"json_error":"Syntax error"}, IP: ::1 [] []
[2025-08-04T23:25:01.149206+02:00] auth.INFO: Session ID: lk0on5dggovtf75km7ope9tiuo, IP: ::1 [] []
[2025-08-04T23:25:01.154058+02:00] auth.INFO: CSRF token validated for IP: ::1, token: dee737fd88c9ed933309c95479edce5ad6479052f2ad513042a99a18b816661a [] []
[2025-08-04T23:25:01.191765+02:00] auth.INFO: Success response: Email and phone are available, IP: ::1 [] []
[2025-08-04T23:25:01.264419+02:00] auth.INFO: Session ID: lk0on5dggovtf75km7ope9tiuo, IP: ::1 [] []
[2025-08-04T23:25:01.270610+02:00] auth.WARNING: Error response: Invalid CSRF token, code: 403, details: {"sent_token":"dee737fd88c9ed933309c95479edce5ad6479052f2ad513042a99a18b816661a"}, IP: ::1 [] []
[2025-08-04T23:25:07.898019+02:00] auth.INFO: Session ID: lk0on5dggovtf75km7ope9tiuo, IP: ::1 [] []
[2025-08-04T23:25:07.901330+02:00] auth.WARNING: Error response: Invalid CSRF token, code: 403, details: {"sent_token":"dee737fd88c9ed933309c95479edce5ad6479052f2ad513042a99a18b816661a"}, IP: ::1 [] []
[2025-08-04T23:26:01.515055+02:00] auth.INFO: CSRF token already exists for session: lk0on5dggovtf75km7ope9tiuo, token: 127dfa3a725b1b027fec83fc9b8f3501cba77c4a5c58ed8bd3ffc51e76ed871b, IP: ::1 [] []
[2025-08-04T23:26:07.141634+02:00] auth.INFO: Session ID: lk0on5dggovtf75km7ope9tiuo, IP: ::1 [] []
[2025-08-04T23:26:07.148357+02:00] auth.ERROR: JSON parsing failed: Syntax error, Raw input:  [] []
[2025-08-04T23:26:16.965658+02:00] auth.INFO: Session ID: lk0on5dggovtf75km7ope9tiuo, IP: ::1 [] []
[2025-08-04T23:26:16.969968+02:00] auth.INFO: CSRF token validated for IP: ::1, token: 127dfa3a725b1b027fec83fc9b8f3501cba77c4a5c58ed8bd3ffc51e76ed871b [] []
[2025-08-04T23:26:16.970116+02:00] auth.WARNING: Invalid action requested: register from IP: ::1, Input: {"action":"register","csrf_token":"127dfa3a725b1b027fec83fc9b8f3501cba77c4a5c58ed8bd3ffc51e76ed871b","first_name":"Idris","last_name":"Rabiu","email":"dbsc2008@gmail.com","phone":"09039549262"} [] []
[2025-08-04T23:26:31.371628+02:00] auth.INFO: CSRF token already exists for session: lk0on5dggovtf75km7ope9tiuo, token: 127dfa3a725b1b027fec83fc9b8f3501cba77c4a5c58ed8bd3ffc51e76ed871b, IP: ::1 [] []
[2025-08-04T23:26:37.000251+02:00] auth.INFO: Session ID: lk0on5dggovtf75km7ope9tiuo, IP: ::1 [] []
[2025-08-04T23:26:37.013496+02:00] auth.ERROR: JSON parsing failed: Syntax error, Raw input:  [] []
[2025-08-04T23:26:45.318827+02:00] auth.INFO: Session ID: lk0on5dggovtf75km7ope9tiuo, IP: ::1 [] []
[2025-08-04T23:26:45.325126+02:00] auth.INFO: CSRF token validated for IP: ::1, token: 127dfa3a725b1b027fec83fc9b8f3501cba77c4a5c58ed8bd3ffc51e76ed871b [] []
[2025-08-04T23:26:45.325302+02:00] auth.WARNING: Invalid action requested: register from IP: ::1, Input: {"action":"register","csrf_token":"127dfa3a725b1b027fec83fc9b8f3501cba77c4a5c58ed8bd3ffc51e76ed871b","first_name":"Idris","last_name":"Rabiu","email":"dbsc2008@gmail.com","phone":"09039549262"} [] []
[2025-08-04T23:27:05.809752+02:00] auth.INFO: CSRF token already exists for session: lk0on5dggovtf75km7ope9tiuo, token: 127dfa3a725b1b027fec83fc9b8f3501cba77c4a5c58ed8bd3ffc51e76ed871b, IP: ::1 [] []
[2025-08-04T23:27:10.947843+02:00] auth.INFO: Session ID: lk0on5dggovtf75km7ope9tiuo, IP: ::1 [] []
[2025-08-04T23:27:10.955294+02:00] auth.ERROR: JSON parsing failed: Syntax error, Raw input:  [] []
[2025-08-04T23:27:18.241850+02:00] auth.INFO: Session ID: lk0on5dggovtf75km7ope9tiuo, IP: ::1 [] []
[2025-08-04T23:27:18.249860+02:00] auth.INFO: CSRF token validated for IP: ::1, token: 127dfa3a725b1b027fec83fc9b8f3501cba77c4a5c58ed8bd3ffc51e76ed871b [] []
[2025-08-04T23:27:18.249982+02:00] auth.INFO: Action received: register, Method: POST, Content-Type: application/json [] []
[2025-08-04T23:27:18.410467+02:00] auth.ERROR: Registration failed for dbsc2008@gmail.com: Unknown column 'password' in 'field list' [] []
[2025-08-04T23:27:27.642553+02:00] auth.INFO: Session ID: lk0on5dggovtf75km7ope9tiuo, IP: ::1 [] []
[2025-08-04T23:27:27.647485+02:00] auth.INFO: CSRF token validated for IP: ::1, token: 127dfa3a725b1b027fec83fc9b8f3501cba77c4a5c58ed8bd3ffc51e76ed871b [] []
[2025-08-04T23:27:27.647628+02:00] auth.INFO: Action received: register, Method: POST, Content-Type: application/json [] []
[2025-08-04T23:27:27.786708+02:00] auth.ERROR: Registration failed for dbsc2008@gmail.com: Unknown column 'password' in 'field list' [] []
[2025-08-04T23:27:29.493684+02:00] auth.INFO: CSRF token already exists for session: lk0on5dggovtf75km7ope9tiuo, token: 127dfa3a725b1b027fec83fc9b8f3501cba77c4a5c58ed8bd3ffc51e76ed871b, IP: ::1 [] []
[2025-08-04T23:27:34.327565+02:00] auth.INFO: Session ID: lk0on5dggovtf75km7ope9tiuo, IP: ::1 [] []
[2025-08-04T23:27:34.333799+02:00] auth.ERROR: JSON parsing failed: Syntax error, Raw input:  [] []
[2025-08-04T23:27:39.687382+02:00] auth.INFO: Session ID: lk0on5dggovtf75km7ope9tiuo, IP: ::1 [] []
[2025-08-04T23:27:39.693147+02:00] auth.INFO: CSRF token validated for IP: ::1, token: 127dfa3a725b1b027fec83fc9b8f3501cba77c4a5c58ed8bd3ffc51e76ed871b [] []
[2025-08-04T23:27:39.693277+02:00] auth.INFO: Action received: register, Method: POST, Content-Type: application/json [] []
[2025-08-04T23:27:39.838230+02:00] auth.ERROR: Registration failed for dbsc2008@gmail.com: Unknown column 'password' in 'field list' [] []
[2025-08-04T23:27:49.312154+02:00] auth.INFO: CSRF token already exists for session: lk0on5dggovtf75km7ope9tiuo, token: 127dfa3a725b1b027fec83fc9b8f3501cba77c4a5c58ed8bd3ffc51e76ed871b, IP: ::1 [] []
[2025-08-04T23:27:54.310433+02:00] auth.INFO: Session ID: lk0on5dggovtf75km7ope9tiuo, IP: ::1 [] []
[2025-08-04T23:27:54.320962+02:00] auth.ERROR: JSON parsing failed: Syntax error, Raw input:  [] []
[2025-08-04T23:27:59.927815+02:00] auth.INFO: Session ID: lk0on5dggovtf75km7ope9tiuo, IP: ::1 [] []
[2025-08-04T23:27:59.932289+02:00] auth.INFO: CSRF token validated for IP: ::1, token: 127dfa3a725b1b027fec83fc9b8f3501cba77c4a5c58ed8bd3ffc51e76ed871b [] []
[2025-08-04T23:27:59.932435+02:00] auth.INFO: Action received: register, Method: POST, Content-Type: application/json [] []
[2025-08-04T23:28:00.079106+02:00] auth.ERROR: Registration failed for dbsc2008@gmail.com: Unknown column 'password' in 'field list' [] []
[2025-08-04T23:28:08.907304+02:00] auth.INFO: CSRF token already exists for session: lk0on5dggovtf75km7ope9tiuo, token: 127dfa3a725b1b027fec83fc9b8f3501cba77c4a5c58ed8bd3ffc51e76ed871b, IP: ::1 [] []
[2025-08-04T23:28:13.948570+02:00] auth.INFO: Session ID: lk0on5dggovtf75km7ope9tiuo, IP: ::1 [] []
[2025-08-04T23:28:13.953141+02:00] auth.ERROR: JSON parsing failed: Syntax error, Raw input:  [] []
[2025-08-04T23:28:19.475745+02:00] auth.INFO: Session ID: lk0on5dggovtf75km7ope9tiuo, IP: ::1 [] []
[2025-08-04T23:28:19.480460+02:00] auth.INFO: CSRF token validated for IP: ::1, token: 127dfa3a725b1b027fec83fc9b8f3501cba77c4a5c58ed8bd3ffc51e76ed871b [] []
[2025-08-04T23:28:19.480738+02:00] auth.WARNING: Invalid action requested: register from IP: ::1, Input: {"action":"register","csrf_token":"127dfa3a725b1b027fec83fc9b8f3501cba77c4a5c58ed8bd3ffc51e76ed871b","first_name":"Idris","last_name":"Rabiu","email":"dbsc2008@gmail.com","phone":"09039549262"} [] []
[2025-08-04T23:28:31.818470+02:00] auth.INFO: CSRF token already exists for session: lk0on5dggovtf75km7ope9tiuo, token: 127dfa3a725b1b027fec83fc9b8f3501cba77c4a5c58ed8bd3ffc51e76ed871b, IP: ::1 [] []
[2025-08-04T23:28:37.017113+02:00] auth.INFO: Session ID: lk0on5dggovtf75km7ope9tiuo, IP: ::1 [] []
[2025-08-04T23:28:37.022016+02:00] auth.ERROR: JSON parsing failed: Syntax error [] []
[2025-08-04T23:28:43.910322+02:00] auth.INFO: Session ID: lk0on5dggovtf75km7ope9tiuo, IP: ::1 [] []
[2025-08-04T23:28:43.915700+02:00] auth.INFO: CSRF token validated for IP: ::1, token: 127dfa3a725b1b027fec83fc9b8f3501cba77c4a5c58ed8bd3ffc51e76ed871b [] []
[2025-08-04T23:28:43.915849+02:00] auth.WARNING: Invalid action requested: register [] []
[2025-08-04T23:28:50.995651+02:00] auth.INFO: Session ID: lk0on5dggovtf75km7ope9tiuo, IP: ::1 [] []
[2025-08-04T23:28:51.000791+02:00] auth.INFO: CSRF token validated for IP: ::1, token: 127dfa3a725b1b027fec83fc9b8f3501cba77c4a5c58ed8bd3ffc51e76ed871b [] []
[2025-08-04T23:28:51.000928+02:00] auth.WARNING: Invalid action requested: register [] []
[2025-08-04T23:29:00.549975+02:00] auth.INFO: Session ID: lk0on5dggovtf75km7ope9tiuo, IP: ::1 [] []
[2025-08-04T23:29:00.554682+02:00] auth.INFO: CSRF token validated for IP: ::1, token: 127dfa3a725b1b027fec83fc9b8f3501cba77c4a5c58ed8bd3ffc51e76ed871b [] []
[2025-08-04T23:29:00.554827+02:00] auth.WARNING: Invalid action requested:  [] []
[2025-08-04T23:29:02.728301+02:00] auth.INFO: CSRF token already exists for session: lk0on5dggovtf75km7ope9tiuo, token: 127dfa3a725b1b027fec83fc9b8f3501cba77c4a5c58ed8bd3ffc51e76ed871b, IP: ::1 [] []
[2025-08-04T23:29:08.074226+02:00] auth.INFO: Session ID: lk0on5dggovtf75km7ope9tiuo, IP: ::1 [] []
[2025-08-04T23:29:08.079102+02:00] auth.ERROR: JSON parsing failed: Syntax error [] []
[2025-08-04T23:29:14.323953+02:00] auth.INFO: Session ID: lk0on5dggovtf75km7ope9tiuo, IP: ::1 [] []
[2025-08-04T23:29:14.328331+02:00] auth.INFO: CSRF token validated for IP: ::1, token: 127dfa3a725b1b027fec83fc9b8f3501cba77c4a5c58ed8bd3ffc51e76ed871b [] []
[2025-08-04T23:29:14.328480+02:00] auth.WARNING: Invalid action requested:  [] []
[2025-08-04T23:29:25.545866+02:00] auth.INFO: CSRF token already exists for session: lk0on5dggovtf75km7ope9tiuo, token: 127dfa3a725b1b027fec83fc9b8f3501cba77c4a5c58ed8bd3ffc51e76ed871b, IP: ::1 [] []
[2025-08-04T23:29:31.059198+02:00] auth.INFO: Session ID: lk0on5dggovtf75km7ope9tiuo, IP: ::1 [] []
[2025-08-04T23:29:31.064386+02:00] auth.ERROR: JSON parsing failed: Syntax error [] []
[2025-08-04T23:29:37.756765+02:00] auth.INFO: Session ID: lk0on5dggovtf75km7ope9tiuo, IP: ::1 [] []
[2025-08-04T23:29:37.761406+02:00] auth.INFO: CSRF token validated for IP: ::1, token: 127dfa3a725b1b027fec83fc9b8f3501cba77c4a5c58ed8bd3ffc51e76ed871b [] []
[2025-08-04T23:29:37.761571+02:00] auth.WARNING: Invalid action requested:  [] []
[2025-08-04T23:29:49.416158+02:00] auth.INFO: CSRF token already exists for session: lk0on5dggovtf75km7ope9tiuo, token: 127dfa3a725b1b027fec83fc9b8f3501cba77c4a5c58ed8bd3ffc51e76ed871b, IP: ::1 [] []
[2025-08-04T23:29:56.127549+02:00] auth.INFO: Session ID: lk0on5dggovtf75km7ope9tiuo, IP: ::1 [] []
[2025-08-04T23:29:56.135155+02:00] auth.ERROR: JSON parsing failed: Syntax error [] []
[2025-08-04T23:29:58.453540+02:00] auth.INFO: Session ID: lk0on5dggovtf75km7ope9tiuo, IP: ::1 [] []
[2025-08-04T23:29:58.457846+02:00] auth.INFO: CSRF token validated for IP: ::1, token: 127dfa3a725b1b027fec83fc9b8f3501cba77c4a5c58ed8bd3ffc51e76ed871b [] []
[2025-08-04T23:29:58.458007+02:00] auth.WARNING: Invalid action requested:  [] []
[2025-08-04T23:30:17.251514+02:00] auth.INFO: CSRF token already exists for session: lk0on5dggovtf75km7ope9tiuo, token: 127dfa3a725b1b027fec83fc9b8f3501cba77c4a5c58ed8bd3ffc51e76ed871b, IP: ::1 [] []
[2025-08-04T23:30:22.330158+02:00] auth.INFO: Session ID: lk0on5dggovtf75km7ope9tiuo, IP: ::1 [] []
[2025-08-04T23:30:22.334459+02:00] auth.ERROR: JSON parsing failed: Syntax error, Raw input:  [] []
[2025-08-04T23:30:26.846568+02:00] auth.INFO: Session ID: lk0on5dggovtf75km7ope9tiuo, IP: ::1 [] []
[2025-08-04T23:30:26.852601+02:00] auth.INFO: CSRF token validated for IP: ::1, token: 127dfa3a725b1b027fec83fc9b8f3501cba77c4a5c58ed8bd3ffc51e76ed871b [] []
[2025-08-04T23:30:26.852756+02:00] auth.INFO: Action received: check_existing, Method: POST, Content-Type: application/json [] []
[2025-08-04T23:30:26.852873+02:00] auth.WARNING: Invalid action requested: check_existing from IP: ::1, Input: {"action":"check_existing","csrf_token":"127dfa3a725b1b027fec83fc9b8f3501cba77c4a5c58ed8bd3ffc51e76ed871b","email":"dbsc2008@gmail.com","phone":"09039549262"} [] []
[2025-08-04T23:31:11.397037+02:00] auth.INFO: CSRF token already exists for session: lk0on5dggovtf75km7ope9tiuo, token: 127dfa3a725b1b027fec83fc9b8f3501cba77c4a5c58ed8bd3ffc51e76ed871b, IP: ::1 [] []
[2025-08-04T23:31:16.958224+02:00] auth.INFO: Session ID: lk0on5dggovtf75km7ope9tiuo, IP: ::1 [] []
[2025-08-04T23:31:16.962717+02:00] auth.WARNING: Error response: Invalid JSON payload, code: 400, details: {"json_error":"Syntax error"}, IP: ::1 [] []
[2025-08-04T23:31:20.914382+02:00] auth.INFO: Session ID: lk0on5dggovtf75km7ope9tiuo, IP: ::1 [] []
[2025-08-04T23:31:20.918414+02:00] auth.INFO: CSRF token validated for IP: ::1, token: 127dfa3a725b1b027fec83fc9b8f3501cba77c4a5c58ed8bd3ffc51e76ed871b [] []
[2025-08-04T23:31:20.944345+02:00] auth.INFO: Success response: Email and phone are available, IP: ::1 [] []
[2025-08-04T23:31:21.006819+02:00] auth.INFO: Session ID: lk0on5dggovtf75km7ope9tiuo, IP: ::1 [] []
[2025-08-04T23:31:21.010816+02:00] auth.WARNING: Error response: Invalid CSRF token, code: 403, details: {"sent_token":"127dfa3a725b1b027fec83fc9b8f3501cba77c4a5c58ed8bd3ffc51e76ed871b"}, IP: ::1 [] []
[2025-08-04T23:32:26.338859+02:00] auth.INFO: Session ID: lk0on5dggovtf75km7ope9tiuo, IP: ::1 [] []
[2025-08-04T23:32:26.344090+02:00] auth.WARNING: Error response: Invalid CSRF token, code: 403, details: {"sent_token":"127dfa3a725b1b027fec83fc9b8f3501cba77c4a5c58ed8bd3ffc51e76ed871b"}, IP: ::1 [] []
[2025-08-04T23:32:34.648441+02:00] auth.INFO: CSRF token already exists for session: lk0on5dggovtf75km7ope9tiuo, token: d2257cd22e0e7626dfde2e2cb1351cb32ab264614bb937aabf81bd7398e23974, IP: ::1 [] []
[2025-08-04T23:32:40.365486+02:00] auth.INFO: Session ID: lk0on5dggovtf75km7ope9tiuo, IP: ::1 [] []
[2025-08-04T23:32:40.370254+02:00] auth.WARNING: Error response: Invalid JSON payload, code: 400, details: {"json_error":"Syntax error"}, IP: ::1 [] []
[2025-08-04T23:32:47.930972+02:00] auth.INFO: Session ID: lk0on5dggovtf75km7ope9tiuo, IP: ::1 [] []
[2025-08-04T23:32:47.935706+02:00] auth.INFO: CSRF token validated for IP: ::1, token: d2257cd22e0e7626dfde2e2cb1351cb32ab264614bb937aabf81bd7398e23974 [] []
[2025-08-04T23:32:47.974497+02:00] auth.INFO: Success response: Email and phone are available, IP: ::1 [] []
[2025-08-04T23:32:48.024133+02:00] auth.INFO: Session ID: lk0on5dggovtf75km7ope9tiuo, IP: ::1 [] []
[2025-08-04T23:32:48.026503+02:00] auth.WARNING: Error response: Invalid CSRF token, code: 403, details: {"sent_token":"d2257cd22e0e7626dfde2e2cb1351cb32ab264614bb937aabf81bd7398e23974"}, IP: ::1 [] []
[2025-08-04T23:35:50.103848+02:00] auth.INFO: CSRF token already exists for session: lk0on5dggovtf75km7ope9tiuo, token: cc2ac3462127ee23fa4692cc5d5928bcade7d2ceb1d68437b5e4f6966ca8d62b, IP: ::1 [] []
[2025-08-04T23:35:55.755758+02:00] auth.INFO: Session ID: lk0on5dggovtf75km7ope9tiuo, IP: ::1 [] []
[2025-08-04T23:35:55.761442+02:00] auth.WARNING: Error response: Invalid JSON payload, code: 400, details: {"json_error":"Syntax error"}, IP: ::1 [] []
[2025-08-04T23:36:00.109980+02:00] auth.INFO: Session ID: lk0on5dggovtf75km7ope9tiuo, IP: ::1 [] []
[2025-08-04T23:36:00.124789+02:00] auth.INFO: CSRF token validated for IP: ::1, token: cc2ac3462127ee23fa4692cc5d5928bcade7d2ceb1d68437b5e4f6966ca8d62b [] []
[2025-08-04T23:36:00.130825+02:00] auth.INFO: Success response: Email and phone are available, IP: ::1 [] []
[2025-08-04T23:36:00.191269+02:00] auth.INFO: Session ID: lk0on5dggovtf75km7ope9tiuo, IP: ::1 [] []
[2025-08-04T23:36:00.199908+02:00] auth.WARNING: Error response: Invalid CSRF token, code: 403, details: {"sent_token":"cc2ac3462127ee23fa4692cc5d5928bcade7d2ceb1d68437b5e4f6966ca8d62b"}, IP: ::1 [] []
[2025-08-04T23:54:08.627527+02:00] auth.INFO: CSRF token already exists for session: lk0on5dggovtf75km7ope9tiuo, token: 8e51d1deee6275a0075460d8de2a273de4bc3cd049f49badc92d972c45319a2d, IP: ::1 [] []
[2025-08-04T23:54:15.383745+02:00] auth.INFO: Session ID: 173kclglrpdno3eivghaukinc9, IP: ::1 [] []
[2025-08-04T23:54:15.388889+02:00] auth.INFO: Session timeout, new CSRF token generated: 4644976bcee16e5c72f810286ca13b4ade7c15b024f739b39d4264b7e906ec13 [] []
[2025-08-04T23:54:15.389048+02:00] auth.INFO: Success response: Session data retrieved, IP: ::1 [] []
[2025-08-04T23:54:15.389181+02:00] auth.INFO: Success response: Session data retrieved, IP: ::1 [] []
[2025-08-04T23:54:32.621075+02:00] auth.INFO: Session ID: 173kclglrpdno3eivghaukinc9, IP: ::1 [] []
[2025-08-04T23:54:32.624836+02:00] auth.WARNING: Error response: Invalid CSRF token, code: 403, details: {"sent_token":"8e51d1deee6275a0075460d8de2a273de4bc3cd049f49badc92d972c45319a2d"}, IP: ::1 [] []
[2025-08-05T00:02:29.163095+02:00] auth.INFO: CSRF token already exists for session: 173kclglrpdno3eivghaukinc9, token: 4644976bcee16e5c72f810286ca13b4ade7c15b024f739b39d4264b7e906ec13, IP: ::1 [] []
[2025-08-05T00:02:36.103898+02:00] auth.INFO: Session ID: 173kclglrpdno3eivghaukinc9, IP: ::1 [] []
[2025-08-05T00:02:36.108855+02:00] auth.INFO: Success response: Session data retrieved, IP: ::1 [] []
[2025-08-05T00:02:47.884149+02:00] auth.INFO: Session ID: 173kclglrpdno3eivghaukinc9, IP: ::1 [] []
[2025-08-05T00:02:47.895838+02:00] auth.INFO: CSRF token validated for IP: ::1, token: 4644976bcee16e5c72f810286ca13b4ade7c15b024f739b39d4264b7e906ec13 [] []
[2025-08-05T00:02:47.941839+02:00] auth.INFO: Success response: Email and phone are available, IP: ::1 [] []
[2025-08-05T00:02:47.984453+02:00] auth.INFO: Session ID: 173kclglrpdno3eivghaukinc9, IP: ::1 [] []
[2025-08-05T00:02:47.991397+02:00] auth.INFO: CSRF token validated for IP: ::1, token: 474e9946cfaed5162fc545431a959a21df42b7933d77b17e71457be66904eec5 [] []
[2025-08-05T00:02:47.999708+02:00] auth.INFO: Success response: Registration data stored, IP: ::1 [] []
[2025-08-05T00:03:13.632758+02:00] auth.INFO: Session ID: 173kclglrpdno3eivghaukinc9, IP: ::1 [] []
[2025-08-05T00:03:13.635017+02:00] auth.INFO: CSRF token validated for IP: ::1, token: a32b629f4c17c26222514e94143f56f54de02f0dd81bca6870f108012a5a52a1 [] []
[2025-08-05T00:03:13.642268+02:00] auth.INFO: Success response: Registration data stored, IP: ::1 [] []
[2025-08-05T00:12:05.755940+02:00] auth.INFO: CSRF token already exists for session: 173kclglrpdno3eivghaukinc9, token: b5d61fcf51a79b768f09c89789c82279d4748ae6b1eb8b023b59d2f7d51c9390, IP: ::1 [] []
[2025-08-05T00:12:12.042745+02:00] auth.INFO: Session ID: 173kclglrpdno3eivghaukinc9, IP: ::1 [] []
[2025-08-05T00:12:12.051128+02:00] auth.INFO: Success response: Session data retrieved, IP: ::1 [] []
[2025-08-05T00:12:18.257735+02:00] auth.INFO: Session ID: 173kclglrpdno3eivghaukinc9, IP: ::1 [] []
[2025-08-05T00:12:18.262054+02:00] auth.INFO: CSRF token validated for IP: ::1, token: b5d61fcf51a79b768f09c89789c82279d4748ae6b1eb8b023b59d2f7d51c9390 [] []
[2025-08-05T00:12:18.295212+02:00] auth.INFO: Success response: Email and phone are available, IP: ::1 [] []
[2025-08-05T00:12:18.350355+02:00] auth.INFO: Session ID: 173kclglrpdno3eivghaukinc9, IP: ::1 [] []
[2025-08-05T00:12:18.354732+02:00] auth.INFO: CSRF token validated for IP: ::1, token: 48a9dcfdba92a39b4f4c199387020471038fe09f3f6ed445ed4321df6aeedc9a [] []
[2025-08-05T00:12:18.360371+02:00] auth.INFO: Success response: Registration data stored, IP: ::1 [] []
[2025-08-05T00:12:43.275854+02:00] auth.INFO: Session ID: 173kclglrpdno3eivghaukinc9, IP: ::1 [] []
[2025-08-05T00:12:43.279138+02:00] auth.INFO: CSRF token validated for IP: ::1, token: 0312048aba2b320a0cf4cdf31c66499ade7bb602a181c63b4ed22366381f354c [] []
[2025-08-05T00:12:43.285365+02:00] auth.INFO: Success response: Registration data stored, IP: ::1 [] []
[2025-08-05T00:17:23.328711+02:00] auth.INFO: CSRF token already exists for session: 173kclglrpdno3eivghaukinc9, token: 4d6bbc5301103e7dae6a95e49ea20aea2507efee6b81f4dedbabe796cc8166e7, IP: ::1 [] []
[2025-08-05T00:17:29.649615+02:00] auth.INFO: Session ID: 173kclglrpdno3eivghaukinc9, IP: ::1 [] []
[2025-08-05T00:17:29.654821+02:00] auth.INFO: Success response: Session data retrieved, IP: ::1 [] []
[2025-08-05T00:17:38.997498+02:00] auth.INFO: Session ID: 173kclglrpdno3eivghaukinc9, IP: ::1 [] []
[2025-08-05T00:17:39.004629+02:00] auth.INFO: CSRF token validated for IP: ::1, token: 4d6bbc5301103e7dae6a95e49ea20aea2507efee6b81f4dedbabe796cc8166e7 [] []
[2025-08-05T00:17:39.014296+02:00] auth.INFO: Success response: Email and phone are available, IP: ::1 [] []
[2025-08-05T00:17:39.087157+02:00] auth.INFO: Session ID: 173kclglrpdno3eivghaukinc9, IP: ::1 [] []
[2025-08-05T00:17:39.094526+02:00] auth.INFO: CSRF token validated for IP: ::1, token: be7f64df76db2253333cca7e8e93ccb2e0631012caaa602d41961071aac66b45 [] []
[2025-08-05T00:17:39.099481+02:00] auth.INFO: Success response: Registration data stored, IP: ::1 [] []
[2025-08-05T00:18:00.633319+02:00] auth.INFO: Session ID: 173kclglrpdno3eivghaukinc9, IP: ::1 [] []
[2025-08-05T00:18:00.636849+02:00] auth.INFO: CSRF token validated for IP: ::1, token: 56a2114e680daef54a37af2d6c65e893e7c4fbf97fcb61f6bc585b7e7c42d07a [] []
[2025-08-05T00:18:00.642768+02:00] auth.INFO: Success response: Registration data stored, IP: ::1 [] []
[2025-08-05T01:15:15.303125+02:00] auth.INFO: CSRF token already exists for session: 173kclglrpdno3eivghaukinc9, token: 1cdb24543aae47be2e8652ecca328b65dad68faa1b6ac8bdccdc77fa8222fbda, IP: ::1 [] []
[2025-08-05T01:15:15.313212+02:00] auth.INFO: Registration timeout for session: 173kclglrpdno3eivghaukinc9 [] []
[2025-08-05T01:15:22.215931+02:00] auth.INFO: Session ID: 173kclglrpdno3eivghaukinc9, IP: ::1 [] []
[2025-08-05T01:15:22.225009+02:00] auth.INFO: Success response: Session data retrieved, IP: ::1 [] []
[2025-08-05T01:16:22.858136+02:00] auth.INFO: Session ID: 173kclglrpdno3eivghaukinc9, IP: ::1 [] []
[2025-08-05T01:16:22.868258+02:00] auth.INFO: CSRF token validated for IP: ::1, token: 1cdb24543aae47be2e8652ecca328b65dad68faa1b6ac8bdccdc77fa8222fbda [] []
[2025-08-05T01:16:22.895900+02:00] auth.INFO: Success response: Email and phone are available, IP: ::1 [] []
[2025-08-05T01:16:22.977450+02:00] auth.INFO: Session ID: 173kclglrpdno3eivghaukinc9, IP: ::1 [] []
[2025-08-05T01:16:22.982567+02:00] auth.INFO: CSRF token validated for IP: ::1, token: f0d728ac60eb61b47e429eabc651442b3e42727061d2c005b890a6b4303e669e [] []
[2025-08-05T01:16:22.990299+02:00] auth.INFO: Success response: Registration data stored, IP: ::1 [] []
[2025-08-05T01:16:48.714057+02:00] auth.INFO: Session ID: 173kclglrpdno3eivghaukinc9, IP: ::1 [] []
[2025-08-05T01:16:48.718409+02:00] auth.INFO: CSRF token validated for IP: ::1, token: c72ee6787cb9ee881103c267048f6886651a78925a385890c87f9d143522daaa [] []
[2025-08-05T01:16:48.726030+02:00] auth.INFO: Success response: Registration data stored, IP: ::1 [] []
[2025-08-05T01:16:56.077356+02:00] auth.INFO: Session ID: 173kclglrpdno3eivghaukinc9, IP: ::1 [] []
[2025-08-05T01:16:56.082658+02:00] auth.INFO: CSRF token validated for IP: ::1, token: 50eb4a9bcf4114ff93c1f0fb76db641ed600d80c2a26086bb4b0631eeb6faad7 [] []
[2025-08-05T01:16:56.420971+02:00] auth.INFO: Session ID: 173kclglrpdno3eivghaukinc9, IP: ::1 [] []
[2025-08-05T01:16:56.425405+02:00] auth.WARNING: Error response: Invalid CSRF token, code: 403, details: {"sent_token":"50eb4a9bcf4114ff93c1f0fb76db641ed600d80c2a26086bb4b0631eeb6faad7"}, IP: ::1 [] []
[2025-08-05T01:17:16.246683+02:00] auth.INFO: Session ID: 173kclglrpdno3eivghaukinc9, IP: ::1 [] []
[2025-08-05T01:17:16.251355+02:00] auth.WARNING: Error response: Invalid CSRF token, code: 403, details: {"sent_token":"50eb4a9bcf4114ff93c1f0fb76db641ed600d80c2a26086bb4b0631eeb6faad7"}, IP: ::1 [] []
[2025-08-05T01:17:16.272275+02:00] auth.INFO: Session ID: 173kclglrpdno3eivghaukinc9, IP: ::1 [] []
[2025-08-05T01:17:16.278245+02:00] auth.WARNING: Error response: Invalid CSRF token, code: 403, details: {"sent_token":"50eb4a9bcf4114ff93c1f0fb76db641ed600d80c2a26086bb4b0631eeb6faad7"}, IP: ::1 [] []
[2025-08-05T01:18:31.665591+02:00] auth.INFO: Session ID: 173kclglrpdno3eivghaukinc9, IP: ::1 [] []
[2025-08-05T01:18:31.671746+02:00] auth.WARNING: Error response: Invalid CSRF token, code: 403, details: {"sent_token":"50eb4a9bcf4114ff93c1f0fb76db641ed600d80c2a26086bb4b0631eeb6faad7"}, IP: ::1 [] []
[2025-08-05T01:18:31.720863+02:00] auth.INFO: Session ID: 173kclglrpdno3eivghaukinc9, IP: ::1 [] []
[2025-08-05T01:18:31.729690+02:00] auth.WARNING: Error response: Invalid CSRF token, code: 403, details: {"sent_token":"50eb4a9bcf4114ff93c1f0fb76db641ed600d80c2a26086bb4b0631eeb6faad7"}, IP: ::1 [] []
[2025-08-05T01:24:17.865370+02:00] auth.INFO: CSRF token already exists for session: 173kclglrpdno3eivghaukinc9, token: d7feef5753c6eebe69d9301d71632603b13a197783ecc3a1e440af9a6c485c88, IP: ::1 [] []
[2025-08-05T01:24:24.006284+02:00] auth.INFO: Session ID: 173kclglrpdno3eivghaukinc9, IP: ::1 [] []
[2025-08-05T01:24:24.010221+02:00] auth.INFO: Success response: Session data retrieved, IP: ::1 [] []
[2025-08-05T01:24:27.998884+02:00] auth.INFO: Session ID: 173kclglrpdno3eivghaukinc9, IP: ::1 [] []
[2025-08-05T01:24:28.003584+02:00] auth.INFO: CSRF token validated for IP: ::1, token: d7feef5753c6eebe69d9301d71632603b13a197783ecc3a1e440af9a6c485c88 [] []
[2025-08-05T01:24:28.013788+02:00] auth.INFO: Success response: Email and phone are available, IP: ::1 [] []
[2025-08-05T01:24:28.118336+02:00] auth.INFO: Session ID: 173kclglrpdno3eivghaukinc9, IP: ::1 [] []
[2025-08-05T01:24:28.132119+02:00] auth.INFO: CSRF token validated for IP: ::1, token: 834bd9b62455e526021e7f3755f99625ef61b5e87960b81a5c6fcdf205dc3a98 [] []
[2025-08-05T01:24:28.139630+02:00] auth.INFO: Success response: Registration data stored, IP: ::1 [] []
[2025-08-05T01:24:42.958288+02:00] auth.INFO: Session ID: 173kclglrpdno3eivghaukinc9, IP: ::1 [] []
[2025-08-05T01:24:42.964618+02:00] auth.INFO: CSRF token validated for IP: ::1, token: 815ba67df61b1217264331a166a055859080403045bf72309d2abd590c45047c [] []
[2025-08-05T01:24:42.970177+02:00] auth.INFO: Success response: Registration data stored, IP: ::1 [] []
[2025-08-05T01:24:48.464881+02:00] auth.INFO: Session ID: 173kclglrpdno3eivghaukinc9, IP: ::1 [] []
[2025-08-05T01:24:48.471531+02:00] auth.INFO: CSRF token validated for IP: ::1, token: 8b90e1b3d646a39815263fb7941b7602d615a82beff1500d1ee5917360fae3af [] []
[2025-08-05T01:24:48.656258+02:00] auth.INFO: Session ID: 173kclglrpdno3eivghaukinc9, IP: ::1 [] []
[2025-08-05T01:24:48.660805+02:00] auth.INFO: CSRF token validated for IP: ::1, token: 8b90e1b3d646a39815263fb7941b7602d615a82beff1500d1ee5917360fae3af [] []
[2025-08-05T01:24:54.271463+02:00] auth.INFO: Verification email sent to dbsc2008@gmail.com [] []
[2025-08-05T01:24:54.271903+02:00] auth.INFO: Success response: Account creation completed! Please check your email to verify your account., IP: ::1 [] []
[2025-08-05T01:24:54.333293+02:00] auth.INFO: Session ID: d2qoje5i2enblic9gerbcmm0sk, IP: ::1 [] []
[2025-08-05T01:24:54.336781+02:00] auth.WARNING: Error response: Invalid CSRF token, code: 403, details: {"sent_token":"8b90e1b3d646a39815263fb7941b7602d615a82beff1500d1ee5917360fae3af"}, IP: ::1 [] []
[2025-08-05T01:25:39.003070+02:00] auth.INFO: Session ID: d2qoje5i2enblic9gerbcmm0sk, IP: ::1 [] []
[2025-08-05T01:25:39.007457+02:00] auth.INFO: CSRF token validated for IP: ::1, token: f38fdcc3182b3dcc8471b8be3af6d66b57e2458f34ca2ef814811e4a497fe3a6 [] []
[2025-08-05T01:25:39.168241+02:00] auth.WARNING: Error response: Invalid email or password, code: 401, details: [], IP: ::1 [] []
[2025-08-05T01:50:25.115777+02:00] auth.INFO: CSRF token already exists for session: d2qoje5i2enblic9gerbcmm0sk, token: f8a3163700e18b2586c17d17df6e131f4b17f88482665a06ae2bf96b8a092037, IP: ::1 [] []
[2025-08-05T01:50:30.113790+02:00] auth.INFO: Session ID: d2qoje5i2enblic9gerbcmm0sk, IP: ::1 [] []
[2025-08-05T01:50:30.115995+02:00] auth.INFO: Session timeout, new CSRF token generated: ed4a5a4a279616be6a346932a5b32bebd737049b3a5f3350e9ec60428dafc9ba [] []
[2025-08-05T01:50:30.116072+02:00] auth.INFO: Success response: Session data retrieved, IP: ::1 [] []
[2025-08-05T01:50:30.116132+02:00] auth.INFO: Success response: Session data retrieved, IP: ::1 [] []
[2025-08-05T01:50:34.473885+02:00] auth.INFO: CSRF token already exists for session: d2qoje5i2enblic9gerbcmm0sk, token: ed4a5a4a279616be6a346932a5b32bebd737049b3a5f3350e9ec60428dafc9ba, IP: ::1 [] []
[2025-08-05T01:50:35.665605+02:00] auth.INFO: Session ID: d2qoje5i2enblic9gerbcmm0sk, IP: ::1 [] []
[2025-08-05T01:50:35.668614+02:00] auth.INFO: Success response: Session data retrieved, IP: ::1 [] []
[2025-08-05T01:50:40.567229+02:00] auth.INFO: Session ID: d2qoje5i2enblic9gerbcmm0sk, IP: ::1 [] []
[2025-08-05T01:50:40.573240+02:00] auth.INFO: CSRF token regenerated for session: d2qoje5i2enblic9gerbcmm0sk [] []
[2025-08-05T01:50:40.710432+02:00] auth.WARNING: Error response: Email or phone already exists, code: 409, details: [], IP: ::1 [] []
[2025-08-05T01:52:14.774296+02:00] auth.INFO: CSRF token already exists for session: d2qoje5i2enblic9gerbcmm0sk, token: 6dd68bb2533061a51153b0fb7290584f1fe6c444ed5aadb8dbb24ad2e34ff2cf, IP: ::1 [] []
[2025-08-05T01:52:16.186916+02:00] auth.INFO: Session ID: d2qoje5i2enblic9gerbcmm0sk, IP: ::1 [] []
[2025-08-05T01:52:16.189713+02:00] auth.INFO: Success response: Session data retrieved, IP: ::1 [] []
[2025-08-05T01:52:35.953149+02:00] auth.INFO: Session ID: d2qoje5i2enblic9gerbcmm0sk, IP: ::1 [] []
[2025-08-05T01:52:35.957218+02:00] auth.INFO: CSRF token regenerated for session: d2qoje5i2enblic9gerbcmm0sk [] []
[2025-08-05T01:52:35.972625+02:00] auth.WARNING: Error response: Email or phone already exists, code: 409, details: [], IP: ::1 [] []
[2025-08-05T01:52:56.700803+02:00] auth.INFO: Session ID: d2qoje5i2enblic9gerbcmm0sk, IP: ::1 [] []
[2025-08-05T01:52:56.702909+02:00] auth.ERROR: CSRF token mismatch - Session: a279e1a1a01231d4d535a560b4422696f6c323a1e4e803397c0011ce20f0c391, Received: 6dd68bb2533061a51153b0fb7290584f1fe6c444ed5aadb8dbb24ad2e34ff2cf [] []
[2025-08-05T01:52:56.702972+02:00] auth.WARNING: Error response: Invalid CSRF token, code: 403, details: {"sent_token":"6dd68bb2533061a51153b0fb7290584f1fe6c444ed5aadb8dbb24ad2e34ff2cf"}, IP: ::1 [] []
[2025-08-05T01:53:04.780240+02:00] auth.INFO: Session ID: d2qoje5i2enblic9gerbcmm0sk, IP: ::1 [] []
[2025-08-05T01:53:04.782955+02:00] auth.ERROR: CSRF token mismatch - Session: a279e1a1a01231d4d535a560b4422696f6c323a1e4e803397c0011ce20f0c391, Received: 6dd68bb2533061a51153b0fb7290584f1fe6c444ed5aadb8dbb24ad2e34ff2cf [] []
[2025-08-05T01:53:04.783165+02:00] auth.WARNING: Error response: Invalid CSRF token, code: 403, details: {"sent_token":"6dd68bb2533061a51153b0fb7290584f1fe6c444ed5aadb8dbb24ad2e34ff2cf"}, IP: ::1 [] []
[2025-08-05T01:54:51.929737+02:00] auth.INFO: Session ID: d2qoje5i2enblic9gerbcmm0sk, IP: ::1 [] []
[2025-08-05T01:54:51.932330+02:00] auth.ERROR: CSRF token mismatch - Session: a279e1a1a01231d4d535a560b4422696f6c323a1e4e803397c0011ce20f0c391, Received: 6dd68bb2533061a51153b0fb7290584f1fe6c444ed5aadb8dbb24ad2e34ff2cf [] []
[2025-08-05T01:54:51.932474+02:00] auth.WARNING: Error response: Invalid CSRF token, code: 403, details: {"sent_token":"6dd68bb2533061a51153b0fb7290584f1fe6c444ed5aadb8dbb24ad2e34ff2cf"}, IP: ::1 [] []
[2025-08-05T02:16:54.292516+02:00] auth.INFO: CSRF token already exists for session: d2qoje5i2enblic9gerbcmm0sk, token: a279e1a1a01231d4d535a560b4422696f6c323a1e4e803397c0011ce20f0c391, IP: ::1 [] []
[2025-08-05T02:16:58.126186+02:00] auth.INFO: Session ID: d2qoje5i2enblic9gerbcmm0sk, IP: ::1 [] []
[2025-08-05T02:16:58.129217+02:00] auth.INFO: Success response: Session data retrieved, IP: ::1 [] []
[2025-08-05T02:17:21.175323+02:00] auth.INFO: Session ID: d2qoje5i2enblic9gerbcmm0sk, IP: ::1 [] []
[2025-08-05T02:17:21.177893+02:00] auth.INFO: CSRF token regenerated for session: d2qoje5i2enblic9gerbcmm0sk [] []
[2025-08-05T02:17:21.301901+02:00] auth.INFO: Success response: Login successful, IP: ::1 [] []
[2025-08-05T02:34:36.518620+02:00] auth.INFO: CSRF token generated for session: 3hh8hv5d7k4vhiigtl290cacob, token: 96571642a74c37eb3917821bd67a9a4028d734b4c4b6624f7e8e13fdaf23b615, IP: ::1 [] []
[2025-08-05T02:34:42.681746+02:00] auth.INFO: Session ID: j144ftnb3rq1lqhaaq4dukcq0n, IP: ::1 [] []
[2025-08-05T02:34:42.686120+02:00] auth.INFO: Success response: Session data retrieved, IP: ::1 [] []
[2025-08-05T02:59:14.531422+02:00] auth.INFO: CSRF token already exists for session: j144ftnb3rq1lqhaaq4dukcq0n, token: 96571642a74c37eb3917821bd67a9a4028d734b4c4b6624f7e8e13fdaf23b615, IP: ::1 [] []
[2025-08-05T02:59:18.413834+02:00] auth.INFO: Session ID: j144ftnb3rq1lqhaaq4dukcq0n, IP: ::1 [] []
[2025-08-05T02:59:18.418164+02:00] auth.INFO: Success response: Session data retrieved, IP: ::1 [] []
[2025-08-05T02:59:21.264319+02:00] auth.INFO: Session ID: j144ftnb3rq1lqhaaq4dukcq0n, IP: ::1 [] []
[2025-08-05T02:59:21.267506+02:00] auth.INFO: CSRF token regenerated for session: j144ftnb3rq1lqhaaq4dukcq0n [] []
[2025-08-05T03:00:13.585579+02:00] auth.INFO: CSRF token already exists for session: j144ftnb3rq1lqhaaq4dukcq0n, token: 6a8ab50c2ee4224a31f2cbb10c1c5d6d80d46d0eaef1a23f7a8f2d43332fe1a3, IP: ::1 [] []
[2025-08-05T03:00:17.348845+02:00] auth.INFO: Session ID: j144ftnb3rq1lqhaaq4dukcq0n, IP: ::1 [] []
[2025-08-05T03:00:17.351556+02:00] auth.INFO: Success response: Session data retrieved, IP: ::1 [] []
[2025-08-05T03:00:21.119422+02:00] auth.INFO: Session ID: j144ftnb3rq1lqhaaq4dukcq0n, IP: ::1 [] []
[2025-08-05T03:00:21.122241+02:00] auth.INFO: CSRF token regenerated for session: j144ftnb3rq1lqhaaq4dukcq0n [] []
[2025-08-05T03:00:21.129276+02:00] auth.WARNING: Error response: Email or phone already exists, code: 409, details: [], IP: ::1 [] []
